G:\XING\3DCLMTRACKING\LBFGSTEST\SQUARESHAPEFIT\DEBUG\SQUARESHAPEFIT.EXE
G:\XING\3DCLMTRACKING\LBFGSTEST\SQUARESHAPEFIT\DEBUG\SQUARESHAPEFIT.ILK
G:\XING\3DCLMTRACKING\LBFGSTEST\SQUARESHAPEFIT\DEBUG\SQUARESHAPEFIT.PDB
G:\XING\3DCLMTracking\lbfgsTest\SquareShapeFit\SquareShapeFit\Debug\cl.command.1.tlog
G:\XING\3DCLMTracking\lbfgsTest\SquareShapeFit\SquareShapeFit\Debug\CL.read.1.tlog
G:\XING\3DCLMTracking\lbfgsTest\SquareShapeFit\SquareShapeFit\Debug\CL.write.1.tlog
G:\XING\3DCLMTracking\lbfgsTest\SquareShapeFit\SquareShapeFit\Debug\link.3360.read.1.tlog
G:\XING\3DCLMTracking\lbfgsTest\SquareShapeFit\SquareShapeFit\Debug\link.3360.write.1.tlog
G:\XING\3DCLMTracking\lbfgsTest\SquareShapeFit\SquareShapeFit\Debug\link.3360-cvtres.read.1.tlog
G:\XING\3DCLMTracking\lbfgsTest\SquareShapeFit\SquareShapeFit\Debug\link.3360-cvtres.write.1.tlog
G:\XING\3DCLMTracking\lbfgsTest\SquareShapeFit\SquareShapeFit\Debug\link.command.1.tlog
G:\XING\3DCLMTracking\lbfgsTest\SquareShapeFit\SquareShapeFit\Debug\link.read.1.tlog
G:\XING\3DCLMTracking\lbfgsTest\SquareShapeFit\SquareShapeFit\Debug\link.write.1.tlog
G:\XING\3DCLMTracking\lbfgsTest\SquareShapeFit\SquareShapeFit\Debug\link-cvtres.read.1.tlog
G:\XING\3DCLMTracking\lbfgsTest\SquareShapeFit\SquareShapeFit\Debug\link-cvtres.write.1.tlog
G:\XING\3DCLMTracking\lbfgsTest\SquareShapeFit\SquareShapeFit\Debug\mt.command.1.tlog
G:\XING\3DCLMTracking\lbfgsTest\SquareShapeFit\SquareShapeFit\Debug\mt.read.1.tlog
G:\XING\3DCLMTracking\lbfgsTest\SquareShapeFit\SquareShapeFit\Debug\mt.write.1.tlog
G:\XING\3DCLMTracking\lbfgsTest\SquareShapeFit\SquareShapeFit\Debug\rc.command.1.tlog
G:\XING\3DCLMTracking\lbfgsTest\SquareShapeFit\SquareShapeFit\Debug\rc.read.1.tlog
G:\XING\3DCLMTracking\lbfgsTest\SquareShapeFit\SquareShapeFit\Debug\rc.write.1.tlog
G:\XING\3DCLMTRACKING\LBFGSTEST\SQUARESHAPEFIT\SQUARESHAPEFIT\DEBUG\SHAPEEXPERT.OBJ
G:\XING\3DCLMTRACKING\LBFGSTEST\SQUARESHAPEFIT\SQUARESHAPEFIT\DEBUG\SQUARESHAPEFIT.EXE.EMBED.MANIFEST
G:\XING\3DCLMTRACKING\LBFGSTEST\SQUARESHAPEFIT\SQUARESHAPEFIT\DEBUG\SQUARESHAPEFIT.EXE.EMBED.MANIFEST.RES
G:\XING\3DCLMTRACKING\LBFGSTEST\SQUARESHAPEFIT\SQUARESHAPEFIT\DEBUG\SQUARESHAPEFIT.EXE.INTERMEDIATE.MANIFEST
G:\XING\3DCLMTRACKING\LBFGSTEST\SQUARESHAPEFIT\SQUARESHAPEFIT\DEBUG\SQUARESHAPEFIT.PCH
G:\XING\3DCLMTracking\lbfgsTest\SquareShapeFit\SquareShapeFit\Debug\SquareShapeFit.write.1.tlog
G:\XING\3DCLMTracking\lbfgsTest\SquareShapeFit\SquareShapeFit\Debug\SquareShapeFit_manifest.rc
G:\XING\3DCLMTRACKING\LBFGSTEST\SQUARESHAPEFIT\SQUARESHAPEFIT\DEBUG\SQUARESHAPEFIT_RSS.OBJ
G:\XING\3DCLMTRACKING\LBFGSTEST\SQUARESHAPEFIT\SQUARESHAPEFIT\DEBUG\STDAFX.OBJ
G:\XING\3DCLMTracking\lbfgsTest\SquareShapeFit\SquareShapeFit\Debug\vc100.idb
G:\XING\3DCLMTRACKING\LBFGSTEST\SQUARESHAPEFIT\SQUARESHAPEFIT\DEBUG\VC100.PDB
